<?xml version="1.0" encoding="utf-8"?><testsuites name="pytest tests"><testsuite name="pytest" errors="0" failures="0" skipped="0" tests="24" time="7.845" timestamp="2026-05-03T03:33:25.717671+00:00" hostname="agent-env-90e415f3-bbdf-4ea5-bea4-5d0922d2372a"><testcase classname="backend.tests.test_pickszone" name="test_register_cookies_and_shape" time="0.429" /><testcase classname="backend.tests.test_pickszone" name="test_login_admin_role" time="0.375" /><testcase classname="backend.tests.test_pickszone" name="test_login_invalid" time="0.335" /><testcase classname="backend.tests.test_pickszone" name="test_register_duplicate_email" time="0.111" /><testcase classname="backend.tests.test_pickszone" name="test_language_patch" time="0.099" /><testcase classname="backend.tests.test_pickszone" name="test_me_requires_auth" time="0.101" /><testcase classname="backend.tests.test_pickszone" name="test_public_endpoints_no_auth" time="0.551" /><testcase classname="backend.tests.test_pickszone" name="test_public_payment_methods_no_config" time="0.118" /><testcase classname="backend.tests.test_pickszone" name="test_push_public_key" time="0.118" /><testcase classname="backend.tests.test_pickszone" name="test_admin_predictions_crud" time="0.438" /><testcase classname="backend.tests.test_pickszone" name="test_admin_requires_admin" time="0.052" /><testcase classname="backend.tests.test_pickszone" name="test_create_market_visible" time="0.165" /><testcase classname="backend.tests.test_pickszone" name="test_bet_insufficient" time="0.052" /><testcase classname="backend.tests.test_pickszone" name="test_bet_flow_won_payout" time="0.807" /><testcase classname="backend.tests.test_pickszone" name="test_market_void_refund" time="0.800" /><testcase classname="backend.tests.test_pickszone" name="test_settle_requires_admin" time="0.145" /><testcase classname="backend.tests.test_pickszone" name="test_recharge_validation" time="0.228" /><testcase classname="backend.tests.test_pickszone" name="test_recharge_approve_and_reject" time="0.824" /><testcase classname="backend.tests.test_pickszone" name="test_admin_payment_methods_crud" time="0.298" /><testcase classname="backend.tests.test_pickszone" name="test_admin_banners_crud" time="0.363" /><testcase classname="backend.tests.test_pickszone" name="test_admin_users_role_and_coins" time="0.805" /><testcase classname="backend.tests.test_pickszone" name="test_admin_metrics" time="0.048" /><testcase classname="backend.tests.test_pickszone" name="test_admin_notifications_no_sub" time="0.052" /><testcase classname="backend.tests.test_pickszone" name="test_no_mongo_id_in_lists" time="0.432" /></testsuite></testsuites>